\BOOKMARK [0][-]{chapter*.3}{\376\377\000R\000e\000s\000u\000m\000o}{}% 1
\BOOKMARK [0][-]{chapter*.4}{\376\377\000A\000b\000s\000t\000r\000a\000c\000t}{}% 2
\BOOKMARK [0][-]{chapter*.5}{\376\377\000A\000g\000r\000a\000d\000e\000c\000i\000m\000e\000n\000t\000o\000s}{}% 3
\BOOKMARK [0][-]{chapter*.8}{\376\377\000L\000i\000s\000t\000a\000\040\000d\000e\000\040\000F\000i\000g\000u\000r\000a\000s}{}% 4
\BOOKMARK [0][-]{chapter*.9}{\376\377\000L\000i\000s\000t\000a\000\040\000d\000e\000\040\000T\000a\000b\000e\000l\000a\000s}{}% 5
\BOOKMARK [0][-]{chapter.1}{\376\377\000I\000n\000t\000r\000o\000d\000u\000\347\000\343\000o}{}% 6
\BOOKMARK [0][-]{chapter.2}{\376\377\000T\000r\000a\000b\000a\000l\000h\000o\000s\000\040\000R\000e\000l\000a\000c\000i\000o\000n\000a\000d\000o\000s}{}% 7
\BOOKMARK [1][-]{section.2.1}{\376\377\000H\000a\000l\000f\000-\000L\000i\000f\000e\000:\000\040\000A\000l\000y\000x\000\040\000\050\0002\0000\0002\0000\000\051}{chapter.2}% 8
\BOOKMARK [1][-]{section.2.2}{\376\377\000G\000h\000o\000s\000t\000\040\000T\000o\000w\000n\000\040\000\050\0002\0000\0002\0005\000\051}{chapter.2}% 9
\BOOKMARK [1][-]{section.2.3}{\376\377\000S\000\355\000n\000t\000e\000s\000e\000\040\000e\000\040\000C\000o\000n\000t\000r\000i\000b\000u\000t\000o\000s\000\040\000p\000a\000r\000a\000\040\000o\000\040\000P\000r\000o\000j\000e\000t\000o}{chapter.2}% 10
\BOOKMARK [0][-]{chapter.3}{\376\377\000M\000o\000d\000e\000l\000o\000\040\000P\000r\000o\000p\000o\000s\000t\000o}{}% 11
\BOOKMARK [1][-]{section.3.1}{\376\377\000A\000n\000\341\000l\000i\000s\000e\000\040\000d\000e\000\040\000R\000e\000q\000u\000i\000s\000i\000t\000o\000s}{chapter.3}% 12
\BOOKMARK [2][-]{subsection.3.1.1}{\376\377\000C\000a\000r\000a\000c\000t\000e\000r\000i\000z\000a\000\347\000\343\000o\000\040\000G\000e\000r\000a\000l}{section.3.1}% 13
\BOOKMARK [2][-]{subsection.3.1.2}{\376\377\000F\000u\000n\000\347\000\365\000e\000s\000\040\000d\000o\000\040\000S\000i\000s\000t\000e\000m\000a}{section.3.1}% 14
\BOOKMARK [2][-]{subsection.3.1.3}{\376\377\000A\000t\000r\000i\000b\000u\000t\000o\000s\000\040\000d\000o\000\040\000S\000i\000s\000t\000e\000m\000a}{section.3.1}% 15
\BOOKMARK [2][-]{subsection.3.1.4}{\376\377\000C\000a\000s\000o\000s\000\040\000d\000e\000\040\000U\000t\000i\000l\000i\000z\000a\000\347\000\343\000o}{section.3.1}% 16
\BOOKMARK [1][-]{section.3.2}{\376\377\000F\000u\000n\000d\000a\000m\000e\000n\000t\000o\000s}{chapter.3}% 17
\BOOKMARK [2][-]{subsection.3.2.1}{\376\377\000I\000n\000t\000e\000r\000a\000\347\000\343\000o\000\040\000T\000r\000i\000d\000i\000m\000e\000n\000s\000i\000o\000n\000a\000l\000\040\000e\000\040\000P\000r\000e\000s\000e\000n\000\347\000a\000\040\000e\000m\000\040\000V\000R}{section.3.2}% 18
\BOOKMARK [2][-]{subsection.3.2.2}{\376\377\000O\000\040\000M\000o\000d\000e\000l\000o\000\040\000I\000n\000t\000e\000r\000a\000c\000t\000o\000r\000\040\000-\000\040\000I\000n\000t\000e\000r\000a\000c\000t\000a\000b\000l\000e\000\040\000\050\000U\000n\000i\000t\000y\000\040\000X\000R\000\051}{section.3.2}% 19
\BOOKMARK [2][-]{subsection.3.2.3}{\376\377\000F\000l\000o\000w\000\040\000e\000\040\000N\000a\000r\000r\000a\000t\000i\000v\000a\000\040\000A\000m\000b\000i\000e\000n\000t\000a\000l}{section.3.2}% 20
\BOOKMARK [1][-]{section.3.3}{\376\377\000C\000o\000n\000c\000e\000\347\000\343\000o\000\040\000d\000o\000\040\000J\000o\000g\000o}{chapter.3}% 21
\BOOKMARK [2][-]{subsection.3.3.1}{\376\377\000R\000e\000s\000u\000m\000o\000\040\000e\000\040\000E\000n\000r\000e\000d\000o}{section.3.3}% 22
\BOOKMARK [2][-]{subsection.3.3.2}{\376\377\000D\000i\000r\000e\000\347\000\343\000o\000\040\000A\000r\000t\000\355\000s\000t\000i\000c\000a\000\040\000e\000\040\000A\000r\000t\000e\000\040\000C\000o\000n\000c\000e\000p\000t\000u\000a\000l}{section.3.3}% 23
\BOOKMARK [2][-]{subsection.3.3.3}{\376\377\000D\000e\000s\000i\000g\000n\000\040\000d\000o\000s\000\040\000P\000u\000z\000z\000l\000e\000s}{section.3.3}% 24
\BOOKMARK [2][-]{subsection.3.3.4}{\376\377\000F\000l\000u\000x\000o\000\040\000d\000e\000\040\000P\000r\000o\000g\000r\000e\000s\000s\000\343\000o}{section.3.3}% 25
\BOOKMARK [1][-]{section.3.4}{\376\377\000A\000b\000o\000r\000d\000a\000g\000e\000m}{chapter.3}% 26
\BOOKMARK [0][-]{chapter.4}{\376\377\000I\000m\000p\000l\000e\000m\000e\000n\000t\000a\000\347\000\343\000o\000\040\000d\000o\000\040\000M\000o\000d\000e\000l\000o}{}% 27
\BOOKMARK [1][-]{section.4.1}{\376\377\000A\000r\000q\000u\000i\000t\000e\000t\000u\000r\000a\000\040\000d\000o\000\040\000S\000i\000s\000t\000e\000m\000a}{chapter.4}% 28
\BOOKMARK [1][-]{section.4.2}{\376\377\000E\000v\000o\000l\000u\000\347\000\343\000o\000\040\000d\000o\000\040\000P\000r\000o\000t\000\363\000t\000i\000p\000o}{chapter.4}% 29
\BOOKMARK [1][-]{section.4.3}{\376\377\000D\000e\000s\000e\000n\000v\000o\000l\000v\000i\000m\000e\000n\000t\000o\000\040\000d\000e\000\040\000E\000l\000e\000m\000e\000n\000t\000o\000s\000\040\000G\000r\000\341\000f\000i\000c\000o\000s\000\040\000e\000\040\000A\000m\000b\000i\000e\000n\000t\000e}{chapter.4}% 30
\BOOKMARK [2][-]{subsection.4.3.1}{\376\377\000T\000e\000x\000t\000u\000r\000i\000z\000a\000\347\000\343\000o\000\040\000e\000\040\000I\000d\000e\000n\000t\000i\000d\000a\000d\000e\000\040\000C\000r\000o\000m\000\341\000t\000i\000c\000a}{section.4.3}% 31
\BOOKMARK [2][-]{subsection.4.3.2}{\376\377\000M\000o\000n\000t\000a\000g\000e\000m\000\040\000d\000o\000\040\000C\000e\000n\000\341\000r\000i\000o\000\040\000e\000\040\000I\000l\000u\000m\000i\000n\000a\000\347\000\343\000o}{section.4.3}% 32
\BOOKMARK [1][-]{section.4.4}{\376\377\000D\000e\000s\000e\000n\000v\000o\000l\000v\000i\000m\000e\000n\000t\000o\000\040\000d\000o\000s\000\040\000S\000i\000s\000t\000e\000m\000a\000s\000\040\000I\000n\000t\000e\000r\000a\000t\000i\000v\000o\000s}{chapter.4}% 33
\BOOKMARK [2][-]{subsection.4.4.1}{\376\377\000M\000e\000c\000\342\000n\000i\000c\000a\000s\000\040\000d\000e\000\040\000I\000n\000t\000e\000r\000a\000\347\000\343\000o\000\040\000e\000\040\000L\000o\000c\000o\000m\000o\000\347\000\343\000o}{section.4.4}% 34
\BOOKMARK [2][-]{subsection.4.4.2}{\376\377\000I\000m\000p\000l\000e\000m\000e\000n\000t\000a\000\347\000\343\000o\000\040\000d\000a\000\040\000L\000\363\000g\000i\000c\000a\000\040\000d\000o\000s\000\040\000P\000u\000z\000z\000l\000e\000s}{section.4.4}% 35
\BOOKMARK [2][-]{subsection.4.4.3}{\376\377\000G\000e\000s\000t\000\343\000o\000\040\000d\000a\000\040\000N\000a\000r\000r\000a\000t\000i\000v\000a}{section.4.4}% 36
\BOOKMARK [2][-]{subsection.4.4.4}{\376\377\000G\000e\000s\000t\000\343\000o\000\040\000d\000o\000\040\000P\000r\000o\000g\000r\000e\000s\000s\000o\000\040\000d\000o\000\040\000J\000o\000g\000o}{section.4.4}% 37
\BOOKMARK [0][-]{chapter.5}{\376\377\000V\000a\000l\000i\000d\000a\000\347\000\343\000o\000\040\000e\000\040\000T\000e\000s\000t\000e\000s}{}% 38
\BOOKMARK [0][-]{chapter.6}{\376\377\000U\000t\000i\000l\000i\000z\000a\000\347\000\343\000o\000\040\000d\000e\000\040\000I\000n\000t\000e\000l\000i\000g\000\352\000n\000c\000i\000a\000\040\000A\000r\000t\000i\000f\000i\000c\000i\000a\000l}{}% 39
\BOOKMARK [0][-]{chapter.7}{\376\377\000C\000o\000n\000c\000l\000u\000s\000\365\000e\000s\000\040\000e\000\040\000T\000r\000a\000b\000a\000l\000h\000o\000\040\000F\000u\000t\000u\000r\000o}{}% 40
\BOOKMARK [0][-]{chapter*.39}{\376\377\000B\000i\000b\000l\000i\000o\000g\000r\000a\000f\000i\000a}{}% 41
